# JRE version: OpenJDK Runtime Environment Temurin-21.0.8+9 (21.0.8+9) (build 21.0.8+9-LTS)
# Java VM: OpenJDK 64-Bit Server VM Temurin-21.0.8+9 (21.0.8+9-LTS, mixed mode, sharing, tiered, compressed oops, compressed class ptrs, parallel gc, windows-amd64)
GC Precious Log:
 CardTable entry size: 512
 CPUs: 12 total, 12 available
 Memory: 7521M
 Large Page Support: Disabled
 NUMA Support: Disabled
 Compressed Oops: Enabled (32-bit)
 Alignments: Space 512K, Generation 512K, Heap 2M
 Heap Min Capacity: 100M
 Heap Initial Capacity: 100M
 Heap Max Capacity: 2G
 Pre-touch: Disabled
 Parallel Workers: 10
Heap:
 PSYoungGen      total 5632K, used 3854K [0x00000000d5580000, 0x00000000d5d00000, 0x0000000100000000)
  eden space 4608K, 63% used [0x00000000d5580000,0x00000000d585b9b8,0x00000000d5a00000)
  from space 1024K, 90% used [0x00000000d5a00000,0x00000000d5ae8020,0x00000000d5b00000)
  to   space 1536K, 0% used [0x00000000d5b80000,0x00000000d5b80000,0x00000000d5d00000)
 ParOldGen       total 345600K, used 345180K [0x0000000080000000, 0x0000000095180000, 0x00000000d5580000)
  object space 345600K, 99% used [0x0000000080000000,0x0000000095117290,0x0000000095180000)
 Metaspace       used 72696K, committed 74112K, reserved 1114112K
  class space    used 7952K, committed 8576K, reserved 1048576K
GC Heap History (20 events):
Event: 7082.554 GC heap before
{Heap before GC invocations=344 (full 3):
 PSYoungGen      total 7168K, used 6747K [0x00000000d5580000, 0x00000000d5e80000, 0x0000000100000000)
  eden space 5120K, 99% used [0x00000000d5580000,0x00000000d5a7ffd8,0x00000000d5a80000)
  from space 2048K, 79% used [0x00000000d5c80000,0x00000000d5e17010,0x00000000d5e80000)
  to   space 2048K, 0% used [0x00000000d5a80000,0x00000000d5a80000,0x00000000d5c80000)
 ParOldGen       total 328704K, used 328216K [0x0000000080000000, 0x0000000094100000, 0x00000000d5580000)
  object space 328704K, 99% used [0x0000000080000000,0x0000000094086000,0x0000000094100000)
 Metaspace       used 72494K, committed 73984K, reserved 1114112K
  class space    used 7950K, committed 8576K, reserved 1048576K
}
Event: 7082.558 GC heap after
{Heap after GC invocations=344 (full 3):
 PSYoungGen      total 7168K, used 1554K [0x00000000d5580000, 0x00000000d5e80000, 0x0000000100000000)
  eden space 5120K, 0% used [0x00000000d5580000,0x00000000d5580000,0x00000000d5a80000)
  from space 2048K, 75% used [0x00000000d5a80000,0x00000000d5c04bf0,0x00000000d5c80000)
  to   space 2048K, 0% used [0x00000000d5c80000,0x00000000d5c80000,0x00000000d5e80000)
 ParOldGen       total 331776K, used 330936K [0x0000000080000000, 0x0000000094400000, 0x00000000d5580000)
  object space 331776K, 99% used [0x0000000080000000,0x000000009432e010,0x0000000094400000)
 Metaspace       used 72494K, committed 73984K, reserved 1114112K
  class space    used 7950K, committed 8576K, reserved 1048576K
}
Event: 7082.614 GC heap before
{Heap before GC invocations=345 (full 3):
 PSYoungGen      total 7168K, used 6674K [0x00000000d5580000, 0x00000000d5e80000, 0x0000000100000000)
  eden space 5120K, 100% used [0x00000000d5580000,0x00000000d5a80000,0x00000000d5a80000)
  from space 2048K, 75% used [0x00000000d5a80000,0x00000000d5c04bf0,0x00000000d5c80000)
  to   space 2048K, 0% used [0x00000000d5c80000,0x00000000d5c80000,0x00000000d5e80000)
 ParOldGen       total 331776K, used 330936K [0x0000000080000000, 0x0000000094400000, 0x00000000d5580000)
  object space 331776K, 99% used [0x0000000080000000,0x000000009432e010,0x0000000094400000)
 Metaspace       used 72502K, committed 73984K, reserved 1114112K
  class space    used 7950K, committed 8576K, reserved 1048576K
}
Event: 7082.617 GC heap after
{Heap after GC invocations=345 (full 3):
 PSYoungGen      total 7168K, used 1536K [0x00000000d5580000, 0x00000000d5e80000, 0x0000000100000000)
  eden space 5120K, 0% used [0x00000000d5580000,0x00000000d5580000,0x00000000d5a80000)
  from space 2048K, 75% used [0x00000000d5c80000,0x00000000d5e00000,0x00000000d5e80000)
  to   space 2048K, 0% used [0x00000000d5a80000,0x00000000d5a80000,0x00000000d5c80000)
 ParOldGen       total 332800K, used 332325K [0x0000000080000000, 0x0000000094500000, 0x00000000d5580000)
  object space 332800K, 99% used [0x0000000080000000,0x00000000944894f8,0x0000000094500000)
 Metaspace       used 72502K, committed 73984K, reserved 1114112K
  class space    used 7950K, committed 8576K, reserved 1048576K
}
Event: 7082.658 GC heap before
{Heap before GC invocations=346 (full 3):
 PSYoungGen      total 7168K, used 6656K [0x00000000d5580000, 0x00000000d5e80000, 0x0000000100000000)
  eden space 5120K, 100% used [0x00000000d5580000,0x00000000d5a80000,0x00000000d5a80000)
  from space 2048K, 75% used [0x00000000d5c80000,0x00000000d5e00000,0x00000000d5e80000)
  to   space 2048K, 0% used [0x00000000d5a80000,0x00000000d5a80000,0x00000000d5c80000)
 ParOldGen       total 332800K, used 332325K [0x0000000080000000, 0x0000000094500000, 0x00000000d5580000)
  object space 332800K, 99% used [0x0000000080000000,0x00000000944894f8,0x0000000094500000)
 Metaspace       used 72510K, committed 73984K, reserved 1114112K
  class space    used 7950K, committed 8576K, reserved 1048576K
}
Event: 7082.661 GC heap after
{Heap after GC invocations=346 (full 3):
 PSYoungGen      total 7168K, used 1728K [0x00000000d5580000, 0x00000000d5e80000, 0x0000000100000000)
  eden space 5120K, 0% used [0x00000000d5580000,0x00000000d5580000,0x00000000d5a80000)
  from space 2048K, 84% used [0x00000000d5a80000,0x00000000d5c30000,0x00000000d5c80000)
  to   space 2048K, 0% used [0x00000000d5c80000,0x00000000d5c80000,0x00000000d5e80000)
 ParOldGen       total 333824K, used 333755K [0x0000000080000000, 0x0000000094600000, 0x00000000d5580000)
  object space 333824K, 99% used [0x0000000080000000,0x00000000945eef78,0x0000000094600000)
 Metaspace       used 72510K, committed 73984K, reserved 1114112K
  class space    used 7950K, committed 8576K, reserved 1048576K
}
Event: 7082.718 GC heap before
{Heap before GC invocations=347 (full 3):
 PSYoungGen      total 7168K, used 6848K [0x00000000d5580000, 0x00000000d5e80000, 0x0000000100000000)
  eden space 5120K, 100% used [0x00000000d5580000,0x00000000d5a80000,0x00000000d5a80000)
  from space 2048K, 84% used [0x00000000d5a80000,0x00000000d5c30000,0x00000000d5c80000)
  to   space 2048K, 0% used [0x00000000d5c80000,0x00000000d5c80000,0x00000000d5e80000)
 ParOldGen       total 333824K, used 333755K [0x0000000080000000, 0x0000000094600000, 0x00000000d5580000)
  object space 333824K, 99% used [0x0000000080000000,0x00000000945eef78,0x0000000094600000)
 Metaspace       used 72545K, committed 73984K, reserved 1114112K
  class space    used 7950K, committed 8576K, reserved 1048576K
}
Event: 7082.721 GC heap after
{Heap after GC invocations=347 (full 3):
 PSYoungGen      total 6656K, used 1167K [0x00000000d5580000, 0x00000000d5e00000, 0x0000000100000000)
  eden space 5120K, 0% used [0x00000000d5580000,0x00000000d5580000,0x00000000d5a80000)
  from space 1536K, 76% used [0x00000000d5c80000,0x00000000d5da3e90,0x00000000d5e00000)
  to   space 1536K, 0% used [0x00000000d5b00000,0x00000000d5b00000,0x00000000d5c80000)
 ParOldGen       total 335872K, used 335360K [0x0000000080000000, 0x0000000094800000, 0x00000000d5580000)
  object space 335872K, 99% used [0x0000000080000000,0x0000000094780348,0x0000000094800000)
 Metaspace       used 72545K, committed 73984K, reserved 1114112K
  class space    used 7950K, committed 8576K, reserved 1048576K
}
Event: 7082.775 GC heap before
{Heap before GC invocations=348 (full 3):
 PSYoungGen      total 6656K, used 6287K [0x00000000d5580000, 0x00000000d5e00000, 0x0000000100000000)
  eden space 5120K, 100% used [0x00000000d5580000,0x00000000d5a80000,0x00000000d5a80000)
  from space 1536K, 76% used [0x00000000d5c80000,0x00000000d5da3e90,0x00000000d5e00000)
  to   space 1536K, 0% used [0x00000000d5b00000,0x00000000d5b00000,0x00000000d5c80000)
 ParOldGen       total 335872K, used 335360K [0x0000000080000000, 0x0000000094800000, 0x00000000d5580000)
  object space 335872K, 99% used [0x0000000080000000,0x0000000094780348,0x0000000094800000)
 Metaspace       used 72584K, committed 74048K, reserved 1114112K
  class space    used 7950K, committed 8576K, reserved 1048576K
}
Event: 7082.780 GC heap after
{Heap after GC invocations=348 (full 3):
 PSYoungGen      total 6656K, used 1056K [0x00000000d5580000, 0x00000000d5d80000, 0x0000000100000000)
  eden space 5120K, 0% used [0x00000000d5580000,0x00000000d5580000,0x00000000d5a80000)
  from space 1536K, 68% used [0x00000000d5b00000,0x00000000d5c08000,0x00000000d5c80000)
  to   space 1024K, 0% used [0x00000000d5c80000,0x00000000d5c80000,0x00000000d5d80000)
 ParOldGen       total 336896K, used 336395K [0x0000000080000000, 0x0000000094900000, 0x00000000d5580000)
  object space 336896K, 99% used [0x0000000080000000,0x0000000094882d00,0x0000000094900000)
 Metaspace       used 72584K, committed 74048K, reserved 1114112K
  class space    used 7950K, committed 8576K, reserved 1048576K
}
Event: 7082.849 GC heap before
{Heap before GC invocations=349 (full 3):
 PSYoungGen      total 6656K, used 6176K [0x00000000d5580000, 0x00000000d5d80000, 0x0000000100000000)
  eden space 5120K, 100% used [0x00000000d5580000,0x00000000d5a80000,0x00000000d5a80000)
  from space 1536K, 68% used [0x00000000d5b00000,0x00000000d5c08000,0x00000000d5c80000)
  to   space 1024K, 0% used [0x00000000d5c80000,0x00000000d5c80000,0x00000000d5d80000)
 ParOldGen       total 336896K, used 336395K [0x0000000080000000, 0x0000000094900000, 0x00000000d5580000)
  object space 336896K, 99% used [0x0000000080000000,0x0000000094882d00,0x0000000094900000)
 Metaspace       used 72610K, committed 74048K, reserved 1114112K
  class space    used 7950K, committed 8576K, reserved 1048576K
}
Event: 7082.852 GC heap after
{Heap after GC invocations=349 (full 3):
 PSYoungGen      total 6144K, used 832K [0x00000000d5580000, 0x00000000d5d80000, 0x0000000100000000)
  eden space 5120K, 0% used [0x00000000d5580000,0x00000000d5580000,0x00000000d5a80000)
  from space 1024K, 81% used [0x00000000d5c80000,0x00000000d5d50020,0x00000000d5d80000)
  to   space 1024K, 0% used [0x00000000d5b80000,0x00000000d5b80000,0x00000000d5c80000)
 ParOldGen       total 337408K, used 337331K [0x0000000080000000, 0x0000000094980000, 0x00000000d5580000)
  object space 337408K, 99% used [0x0000000080000000,0x000000009496cd00,0x0000000094980000)
 Metaspace       used 72610K, committed 74048K, reserved 1114112K
  class space    used 7950K, committed 8576K, reserved 1048576K
}
Event: 7082.861 GC heap before
{Heap before GC invocations=350 (full 3):
 PSYoungGen      total 6144K, used 3974K [0x00000000d5580000, 0x00000000d5d80000, 0x0000000100000000)
  eden space 5120K, 61% used [0x00000000d5580000,0x00000000d5891a70,0x00000000d5a80000)
  from space 1024K, 81% used [0x00000000d5c80000,0x00000000d5d50020,0x00000000d5d80000)
  to   space 1024K, 0% used [0x00000000d5b80000,0x00000000d5b80000,0x00000000d5c80000)
 ParOldGen       total 337408K, used 337331K [0x0000000080000000, 0x0000000094980000, 0x00000000d5580000)
  object space 337408K, 99% used [0x0000000080000000,0x000000009496cd00,0x0000000094980000)
 Metaspace       used 72610K, committed 74048K, reserved 1114112K
  class space    used 7950K, committed 8576K, reserved 1048576K
}
Event: 7082.866 GC heap after
{Heap after GC invocations=350 (full 3):
 PSYoungGen      total 5632K, used 368K [0x00000000d5580000, 0x00000000d5d00000, 0x0000000100000000)
  eden space 5120K, 0% used [0x00000000d5580000,0x00000000d5580000,0x00000000d5a80000)
  from space 512K, 71% used [0x00000000d5b80000,0x00000000d5bdc010,0x00000000d5c00000)
  to   space 1024K, 0% used [0x00000000d5c00000,0x00000000d5c00000,0x00000000d5d00000)
 ParOldGen       total 340992K, used 340531K [0x0000000080000000, 0x0000000094d00000, 0x00000000d5580000)
  object space 340992K, 99% used [0x0000000080000000,0x0000000094c8cd30,0x0000000094d00000)
 Metaspace       used 72610K, committed 74048K, reserved 1114112K
  class space    used 7950K, committed 8576K, reserved 1048576K
}
Event: 7082.914 GC heap before
{Heap before GC invocations=351 (full 3):
 PSYoungGen      total 5632K, used 5488K [0x00000000d5580000, 0x00000000d5d00000, 0x0000000100000000)
  eden space 5120K, 100% used [0x00000000d5580000,0x00000000d5a80000,0x00000000d5a80000)
  from space 512K, 71% used [0x00000000d5b80000,0x00000000d5bdc010,0x00000000d5c00000)
  to   space 1024K, 0% used [0x00000000d5c00000,0x00000000d5c00000,0x00000000d5d00000)
 ParOldGen       total 340992K, used 340531K [0x0000000080000000, 0x0000000094d00000, 0x00000000d5580000)
  object space 340992K, 99% used [0x0000000080000000,0x0000000094c8cd30,0x0000000094d00000)
 Metaspace       used 72613K, committed 74048K, reserved 1114112K
  class space    used 7950K, committed 8576K, reserved 1048576K
}
Event: 7082.919 GC heap after
{Heap after GC invocations=351 (full 3):
 PSYoungGen      total 5632K, used 320K [0x00000000d5580000, 0x00000000d5c80000, 0x0000000100000000)
  eden space 5120K, 0% used [0x00000000d5580000,0x00000000d5580000,0x00000000d5a80000)
  from space 512K, 62% used [0x00000000d5c00000,0x00000000d5c50000,0x00000000d5c80000)
  to   space 512K, 0% used [0x00000000d5b80000,0x00000000d5b80000,0x00000000d5c00000)
 ParOldGen       total 343552K, used 343203K [0x0000000080000000, 0x0000000094f80000, 0x00000000d5580000)
  object space 343552K, 99% used [0x0000000080000000,0x0000000094f28d50,0x0000000094f80000)
 Metaspace       used 72613K, committed 74048K, reserved 1114112K
  class space    used 7950K, committed 8576K, reserved 1048576K
}
Event: 7082.972 GC heap before
{Heap before GC invocations=352 (full 3):
 PSYoungGen      total 5632K, used 5439K [0x00000000d5580000, 0x00000000d5c80000, 0x0000000100000000)
  eden space 5120K, 99% used [0x00000000d5580000,0x00000000d5a7fff0,0x00000000d5a80000)
  from space 512K, 62% used [0x00000000d5c00000,0x00000000d5c50000,0x00000000d5c80000)
  to   space 512K, 0% used [0x00000000d5b80000,0x00000000d5b80000,0x00000000d5c00000)
 ParOldGen       total 343552K, used 343203K [0x0000000080000000, 0x0000000094f80000, 0x00000000d5580000)
  object space 343552K, 99% used [0x0000000080000000,0x0000000094f28d50,0x0000000094f80000)
 Metaspace       used 72635K, committed 74048K, reserved 1114112K
  class space    used 7952K, committed 8576K, reserved 1048576K
}
Event: 7082.974 GC heap after
{Heap after GC invocations=352 (full 3):
 PSYoungGen      total 5632K, used 512K [0x00000000d5580000, 0x00000000d5c80000, 0x0000000100000000)
  eden space 5120K, 0% used [0x00000000d5580000,0x00000000d5580000,0x00000000d5a80000)
  from space 512K, 100% used [0x00000000d5b80000,0x00000000d5c00000,0x00000000d5c00000)
  to   space 512K, 0% used [0x00000000d5c00000,0x00000000d5c00000,0x00000000d5c80000)
 ParOldGen       total 344064K, used 343555K [0x0000000080000000, 0x0000000095000000, 0x00000000d5580000)
  object space 344064K, 99% used [0x0000000080000000,0x0000000094f80c60,0x0000000095000000)
 Metaspace       used 72635K, committed 74048K, reserved 1114112K
  class space    used 7952K, committed 8576K, reserved 1048576K
}
Event: 7083.015 GC heap before
{Heap before GC invocations=353 (full 3):
 PSYoungGen      total 5632K, used 5632K [0x00000000d5580000, 0x00000000d5c80000, 0x0000000100000000)
  eden space 5120K, 100% used [0x00000000d5580000,0x00000000d5a80000,0x00000000d5a80000)
  from space 512K, 100% used [0x00000000d5b80000,0x00000000d5c00000,0x00000000d5c00000)
  to   space 512K, 0% used [0x00000000d5c00000,0x00000000d5c00000,0x00000000d5c80000)
 ParOldGen       total 344064K, used 343555K [0x0000000080000000, 0x0000000095000000, 0x00000000d5580000)
  object space 344064K, 99% used [0x0000000080000000,0x0000000094f80c60,0x0000000095000000)
 Metaspace       used 72643K, committed 74048K, reserved 1114112K
  class space    used 7952K, committed 8576K, reserved 1048576K
}
Event: 7084.024 GC heap after
{Heap after GC invocations=353 (full 3):
 PSYoungGen      total 5120K, used 512K [0x00000000d5580000, 0x00000000d5e80000, 0x0000000100000000)
  eden space 4608K, 0% used [0x00000000d5580000,0x00000000d5580000,0x00000000d5a00000)
  from space 512K, 100% used [0x00000000d5c00000,0x00000000d5c80000,0x00000000d5c80000)
  to   space 2048K, 0% used [0x00000000d5a00000,0x00000000d5a00000,0x00000000d5c00000)
 ParOldGen       total 345088K, used 344620K [0x0000000080000000, 0x0000000095100000, 0x00000000d5580000)
  object space 345088K, 99% used [0x0000000080000000,0x000000009508b358,0x0000000095100000)
 Metaspace       used 72643K, committed 74048K, reserved 1114112K
  class space    used 7952K, committed 8576K, reserved 1048576K
}

